
Showing logs for build [32mmeta-cb-kubecd-environment-pr-5-5rs54-1[0m stage [32mmeta-pipeline[0m and container [32mstep-credential-initializer-v2twf[0m
{"level":"warn","ts":1567512615.9421046,"logger":"fallback-logger","caller":"logging/config.go:69","msg":"Fetch GitHub commit ID from kodata failed: \"ref: refs/heads/master\" is not a valid GitHub commit ID"}
{"level":"info","ts":1567512615.9432497,"logger":"fallback-logger","caller":"creds-init/main.go:40","msg":"Credentials initialized."}

Showing logs for build [32mmeta-cb-kubecd-environment-pr-5-5rs54-1[0m stage [32mmeta-pipeline[0m and container [32mstep-working-dir-initializer-2w599[0m
{"level":"warn","ts":1567512616.898649,"logger":"fallback-logger","caller":"logging/config.go:69","msg":"Fetch GitHub commit ID from kodata failed: open /var/run/ko/HEAD: no such file or directory"}
{"level":"info","ts":1567512616.9008372,"logger":"fallback-logger","caller":"bash/main.go:65","msg":"Successfully executed command \"mkdir -p /workspace/source\""}

Showing logs for build [32mmeta-cb-kubecd-environment-pr-5-5rs54-1[0m stage [32mmeta-pipeline[0m and container [32mstep-place-tools[0m

Showing logs for build [32mmeta-cb-kubecd-environment-pr-5-5rs54-1[0m stage [32mmeta-pipeline[0m and container [32mstep-git-source-meta-cb-kubecd-environment-pr-5-29s2m[0m
{"level":"warn","ts":1567512621.9543405,"logger":"fallback-logger","caller":"logging/config.go:69","msg":"Fetch GitHub commit ID from kodata failed: \"ref: refs/heads/master\" is not a valid GitHub commit ID"}
{"level":"info","ts":1567512622.5717812,"logger":"fallback-logger","caller":"git/git.go:102","msg":"Successfully cloned https://github.com/cb-kubecd/environment-pr-5295-15-tekton-gkebdd-staging.git @ 765df38545db5f80fa33e2a5e791eb81ddfd6c80 in path /workspace/source"}

Showing logs for build [32mmeta-cb-kubecd-environment-pr-5-5rs54-1[0m stage [32mmeta-pipeline[0m and container [32mstep-git-merge[0m
Using SHAs from PULL_REFS=master:765df38545db5f80fa33e2a5e791eb81ddfd6c80,2:4302a0d5adb824b0f8417c9df5fb8afa9d64ab79
DEBUG: ran git fetch --unshallow origin 4302a0d5adb824b0f8417c9df5fb8afa9d64ab79: 765df38545db5f80fa33e2a5e791eb81ddfd6c80: in 
DEBUG: ran git checkout master in 
DEBUG: ran git reset --hard 765df38545db5f80fa33e2a5e791eb81ddfd6c80 in 
DEBUG: ran clean --force -d . in 
DEBUG: ran git merge 4302a0d5adb824b0f8417c9df5fb8afa9d64ab79 in 
Merged SHA 4302a0d5adb824b0f8417c9df5fb8afa9d64ab79 with commit message 'chore: Promote bdd-gh-1567512469 to version 0.0.1' into base branch master

Showing logs for build [32mmeta-cb-kubecd-environment-pr-5-5rs54-1[0m stage [32mmeta-pipeline[0m and container [32mstep-merge-pull-refs[0m
DEBUG: ran git fetch origin 4302a0d5adb824b0f8417c9df5fb8afa9d64ab79: 765df38545db5f80fa33e2a5e791eb81ddfd6c80: in 
DEBUG: Unshallowed git repo in 
DEBUG: ran git checkout master in 
DEBUG: ran git reset --hard 765df38545db5f80fa33e2a5e791eb81ddfd6c80 in 
DEBUG: ran clean --force -d . in 
DEBUG: ran git merge 4302a0d5adb824b0f8417c9df5fb8afa9d64ab79 in 
Merged SHA 4302a0d5adb824b0f8417c9df5fb8afa9d64ab79 with commit message 'chore: Promote bdd-gh-1567512469 to version 0.0.1' into base branch master

Showing logs for build [32mmeta-cb-kubecd-environment-pr-5-5rs54-1[0m stage [32mmeta-pipeline[0m and container [32mstep-create-effective-pipeline[0m
Deleting and cloning the Jenkins X versions repo
Cloning the Jenkins X versions repo https://github.com/jenkins-x/jenkins-x-versions.git with ref refs/heads/master to /builder/home/.**/jenkins-x-versions
selected pack: /builder/home/.**/draft/packs/github.com/jenkins-x-buildpacks/jenkins-x-kubernetes/packs/environment
Effective pipeline written to jenkins-x-promotion-build-effective.yml

Showing logs for build [32mmeta-cb-kubecd-environment-pr-5-5rs54-1[0m stage [32mmeta-pipeline[0m and container [32mstep-create-tekton-crds[0m
PipelineActivity for cb-kubecd-environment-pr-5295-15-tekton-gkebdd-staging-PR-2-1
Applying changes 
upserted PipelineResource cb-kubecd-environment-pr-5295-1 for the git repository https://github.com/cb-kubecd/environment-pr-5295-15-tekton-gkebdd-staging.git
upserted Task cb-kubecd-environment-pr-5295-1-jfrkk-from-build-pack-1
upserted Pipeline cb-kubecd-environment-pr-5295-1-jfrkk-1
created PipelineRun cb-kubecd-environment-pr-5295-1-jfrkk-1
created PipelineStructure cb-kubecd-environment-pr-5295-1-jfrkk-1

waiting for stage [32mfrom-build-pack[0m : container [32mstep-credential-initializer-wfrsh[0m to start...


Showing logs for build [32mmeta-cb-kubecd-environment-pr-5-5rs54-1[0m stage [32mfrom-build-pack[0m and container [32mstep-credential-initializer-wfrsh[0m
{"level":"warn","ts":1567512635.9135692,"logger":"fallback-logger","caller":"logging/config.go:69","msg":"Fetch GitHub commit ID from kodata failed: \"ref: refs/heads/master\" is not a valid GitHub commit ID"}
{"level":"info","ts":1567512635.914242,"logger":"fallback-logger","caller":"creds-init/main.go:40","msg":"Credentials initialized."}

waiting for stage [32mfrom-build-pack[0m : container [32mstep-working-dir-initializer-8ftxl[0m to start...


Showing logs for build [32mmeta-cb-kubecd-environment-pr-5-5rs54-1[0m stage [32mfrom-build-pack[0m and container [32mstep-working-dir-initializer-8ftxl[0m
{"level":"warn","ts":1567512636.867026,"logger":"fallback-logger","caller":"logging/config.go:69","msg":"Fetch GitHub commit ID from kodata failed: open /var/run/ko/HEAD: no such file or directory"}
{"level":"info","ts":1567512636.8685777,"logger":"fallback-logger","caller":"bash/main.go:65","msg":"Successfully executed command \"mkdir -p /workspace/source /workspace/source/env\""}

waiting for stage [32mfrom-build-pack[0m : container [32mstep-place-tools[0m to start...


Showing logs for build [32mmeta-cb-kubecd-environment-pr-5-5rs54-1[0m stage [32mfrom-build-pack[0m and container [32mstep-place-tools[0m

waiting for stage [32mfrom-build-pack[0m : container [32mstep-git-source-cb-kubecd-environment-pr-5295-1-ntzdz[0m to start...


Showing logs for build [32mmeta-cb-kubecd-environment-pr-5-5rs54-1[0m stage [32mfrom-build-pack[0m and container [32mstep-git-source-cb-kubecd-environment-pr-5295-1-ntzdz[0m
{"level":"warn","ts":1567512756.923982,"logger":"fallback-logger","caller":"logging/config.go:69","msg":"Fetch GitHub commit ID from kodata failed: \"ref: refs/heads/master\" is not a valid GitHub commit ID"}
{"level":"info","ts":1567512757.5178764,"logger":"fallback-logger","caller":"git/git.go:102","msg":"Successfully cloned https://github.com/cb-kubecd/environment-pr-5295-15-tekton-gkebdd-staging.git @ master in path /workspace/source"}

waiting for stage [32mfrom-build-pack[0m : container [32mstep-git-merge[0m to start...


Showing logs for build [32mmeta-cb-kubecd-environment-pr-5-5rs54-1[0m stage [32mfrom-build-pack[0m and container [32mstep-git-merge[0m
Using SHAs from PULL_REFS=master:765df38545db5f80fa33e2a5e791eb81ddfd6c80,2:4302a0d5adb824b0f8417c9df5fb8afa9d64ab79
DEBUG: ran git fetch origin 4302a0d5adb824b0f8417c9df5fb8afa9d64ab79: 765df38545db5f80fa33e2a5e791eb81ddfd6c80: in 
DEBUG: Unshallowed git repo in 
DEBUG: ran git checkout master in 
DEBUG: ran git reset --hard 765df38545db5f80fa33e2a5e791eb81ddfd6c80 in 
DEBUG: ran clean --force -d . in 
DEBUG: ran git merge 4302a0d5adb824b0f8417c9df5fb8afa9d64ab79 in 
Merged SHA 4302a0d5adb824b0f8417c9df5fb8afa9d64ab79 with commit message 'chore: Promote bdd-gh-1567512469 to version 0.0.1' into base branch master

waiting for stage [32mfrom-build-pack[0m : container [32mstep-build-helm-build[0m to start...


Showing logs for build [32mmeta-cb-kubecd-environment-pr-5-5rs54-1[0m stage [32mfrom-build-pack[0m and container [32mstep-build-helm-build[0m
WARNING: No $CHART_REPOSITORY defined so using the default value of: http://jenkins-x-chartmuseum:8080
Adding missing Helm repo: storage.googleapis.com https://storage.googleapis.com/chartmuseum.jenkins-x.io
Successfully added Helm repository storage.googleapis.com.
Adding missing Helm repo: jenkins-x-chartmuseum http://jenkins-x-chartmuseum:8080
Successfully added Helm repository jenkins-x-chartmuseum.
WARNING: No $CHART_REPOSITORY defined so using the default value of: http://jenkins-x-chartmuseum:8080
Adding missing Helm repo: chartmuseum.jenkins-x.io http://chartmuseum.jenkins-x.io
Successfully added Helm repository chartmuseum.jenkins-x.io.
