
Showing logs for build [32mmeta-cb-kubecd-environment-pr-5-1[0m stage [32mmeta-pipeline[0m and container [32mstep-credential-initializer-jrpxz[0m
{"level":"warn","ts":1567511827.9569867,"logger":"fallback-logger","caller":"logging/config.go:69","msg":"Fetch GitHub commit ID from kodata failed: \"ref: refs/heads/master\" is not a valid GitHub commit ID"}
{"level":"info","ts":1567511827.9576287,"logger":"fallback-logger","caller":"creds-init/main.go:40","msg":"Credentials initialized."}

Showing logs for build [32mmeta-cb-kubecd-environment-pr-5-1[0m stage [32mmeta-pipeline[0m and container [32mstep-working-dir-initializer-cfdch[0m
{"level":"warn","ts":1567511828.328127,"logger":"fallback-logger","caller":"logging/config.go:69","msg":"Fetch GitHub commit ID from kodata failed: open /var/run/ko/HEAD: no such file or directory"}
{"level":"info","ts":1567511828.3298256,"logger":"fallback-logger","caller":"bash/main.go:65","msg":"Successfully executed command \"mkdir -p /workspace/source\""}

Showing logs for build [32mmeta-cb-kubecd-environment-pr-5-1[0m stage [32mmeta-pipeline[0m and container [32mstep-place-tools[0m

Showing logs for build [32mmeta-cb-kubecd-environment-pr-5-1[0m stage [32mmeta-pipeline[0m and container [32mstep-git-source-meta-cb-kubecd-environment-pr-5-pfwhh[0m
{"level":"warn","ts":1567511834.3128126,"logger":"fallback-logger","caller":"logging/config.go:69","msg":"Fetch GitHub commit ID from kodata failed: \"ref: refs/heads/master\" is not a valid GitHub commit ID"}
{"level":"info","ts":1567511834.9246967,"logger":"fallback-logger","caller":"git/git.go:102","msg":"Successfully cloned https://github.com/cb-kubecd/environment-pr-5295-15-tekton-gkebdd-staging.git @ 03c1e6e16d0dff8261853a133d1203de5e0bd48a in path /workspace/source"}

Showing logs for build [32mmeta-cb-kubecd-environment-pr-5-1[0m stage [32mmeta-pipeline[0m and container [32mstep-git-merge[0m
Using SHAs from PULL_REFS=master:03c1e6e16d0dff8261853a133d1203de5e0bd48a,1:e165c2e5d3406cd7cc8edac3fc4355e6c1f6d9cb
DEBUG: ran git fetch --unshallow origin e165c2e5d3406cd7cc8edac3fc4355e6c1f6d9cb: 03c1e6e16d0dff8261853a133d1203de5e0bd48a: in 
DEBUG: ran git checkout master in 
DEBUG: ran git reset --hard 03c1e6e16d0dff8261853a133d1203de5e0bd48a in 
DEBUG: ran clean --force -d . in 
DEBUG: ran git merge e165c2e5d3406cd7cc8edac3fc4355e6c1f6d9cb in 
Merged SHA e165c2e5d3406cd7cc8edac3fc4355e6c1f6d9cb with commit message 'chore: Promote bdd-spring-1567511602 to version 0.0.1' into base branch master

Showing logs for build [32mmeta-cb-kubecd-environment-pr-5-1[0m stage [32mmeta-pipeline[0m and container [32mstep-merge-pull-refs[0m
DEBUG: ran git fetch origin e165c2e5d3406cd7cc8edac3fc4355e6c1f6d9cb: 03c1e6e16d0dff8261853a133d1203de5e0bd48a: in 
DEBUG: Unshallowed git repo in 
DEBUG: ran git checkout master in 
DEBUG: ran git reset --hard 03c1e6e16d0dff8261853a133d1203de5e0bd48a in 
DEBUG: ran clean --force -d . in 
DEBUG: ran git merge e165c2e5d3406cd7cc8edac3fc4355e6c1f6d9cb in 
Merged SHA e165c2e5d3406cd7cc8edac3fc4355e6c1f6d9cb with commit message 'chore: Promote bdd-spring-1567511602 to version 0.0.1' into base branch master

Showing logs for build [32mmeta-cb-kubecd-environment-pr-5-1[0m stage [32mmeta-pipeline[0m and container [32mstep-create-effective-pipeline[0m
Deleting and cloning the Jenkins X versions repo
Cloning the Jenkins X versions repo https://github.com/jenkins-x/jenkins-x-versions.git with ref refs/heads/master to /builder/home/.**/jenkins-x-versions
selected pack: /builder/home/.**/draft/packs/github.com/jenkins-x-buildpacks/jenkins-x-kubernetes/packs/environment
Effective pipeline written to jenkins-x-promotion-build-effective.yml

Showing logs for build [32mmeta-cb-kubecd-environment-pr-5-1[0m stage [32mmeta-pipeline[0m and container [32mstep-create-tekton-crds[0m
PipelineActivity for cb-kubecd-environment-pr-5295-15-tekton-gkebdd-staging-PR-1-1
Applying changes 
upserted PipelineResource cb-kubecd-environment-pr-5295-1 for the git repository https://github.com/cb-kubecd/environment-pr-5295-15-tekton-gkebdd-staging.git
upserted Task cb-kubecd-environment-pr-5295-1-from-build-pack-1
upserted Pipeline cb-kubecd-environment-pr-5295-1-1
created PipelineRun cb-kubecd-environment-pr-5295-1-1
created PipelineStructure cb-kubecd-environment-pr-5295-1-1

waiting for stage [32mfrom-build-pack[0m : container [32mstep-credential-initializer-hztt5[0m to start...


Showing logs for build [32mmeta-cb-kubecd-environment-pr-5-1[0m stage [32mfrom-build-pack[0m and container [32mstep-credential-initializer-hztt5[0m
{"level":"warn","ts":1567511850.9516482,"logger":"fallback-logger","caller":"logging/config.go:69","msg":"Fetch GitHub commit ID from kodata failed: \"ref: refs/heads/master\" is not a valid GitHub commit ID"}
{"level":"info","ts":1567511850.9535453,"logger":"fallback-logger","caller":"creds-init/main.go:40","msg":"Credentials initialized."}

waiting for stage [32mfrom-build-pack[0m : container [32mstep-working-dir-initializer-hj9tl[0m to start...


Showing logs for build [32mmeta-cb-kubecd-environment-pr-5-1[0m stage [32mfrom-build-pack[0m and container [32mstep-working-dir-initializer-hj9tl[0m
{"level":"warn","ts":1567511852.9847355,"logger":"fallback-logger","caller":"logging/config.go:69","msg":"Fetch GitHub commit ID from kodata failed: open /var/run/ko/HEAD: no such file or directory"}
{"level":"info","ts":1567511852.986172,"logger":"fallback-logger","caller":"bash/main.go:65","msg":"Successfully executed command \"mkdir -p /workspace/source /workspace/source/env\""}

waiting for stage [32mfrom-build-pack[0m : container [32mstep-place-tools[0m to start...


Showing logs for build [32mmeta-cb-kubecd-environment-pr-5-1[0m stage [32mfrom-build-pack[0m and container [32mstep-place-tools[0m

waiting for stage [32mfrom-build-pack[0m : container [32mstep-git-source-cb-kubecd-environment-pr-5295-1-jmfmw[0m to start...


Showing logs for build [32mmeta-cb-kubecd-environment-pr-5-1[0m stage [32mfrom-build-pack[0m and container [32mstep-git-source-cb-kubecd-environment-pr-5295-1-jmfmw[0m
{"level":"warn","ts":1567511940.1356003,"logger":"fallback-logger","caller":"logging/config.go:69","msg":"Fetch GitHub commit ID from kodata failed: \"ref: refs/heads/master\" is not a valid GitHub commit ID"}
{"level":"info","ts":1567511940.8883548,"logger":"fallback-logger","caller":"git/git.go:102","msg":"Successfully cloned https://github.com/cb-kubecd/environment-pr-5295-15-tekton-gkebdd-staging.git @ master in path /workspace/source"}

waiting for stage [32mfrom-build-pack[0m : container [32mstep-git-merge[0m to start...


Showing logs for build [32mmeta-cb-kubecd-environment-pr-5-1[0m stage [32mfrom-build-pack[0m and container [32mstep-git-merge[0m
Using SHAs from PULL_REFS=master:03c1e6e16d0dff8261853a133d1203de5e0bd48a,1:e165c2e5d3406cd7cc8edac3fc4355e6c1f6d9cb
DEBUG: ran git fetch origin e165c2e5d3406cd7cc8edac3fc4355e6c1f6d9cb: 03c1e6e16d0dff8261853a133d1203de5e0bd48a: in 
DEBUG: Unshallowed git repo in 
DEBUG: ran git checkout master in 
DEBUG: ran git reset --hard 03c1e6e16d0dff8261853a133d1203de5e0bd48a in 
DEBUG: ran clean --force -d . in 
DEBUG: ran git merge e165c2e5d3406cd7cc8edac3fc4355e6c1f6d9cb in 
Merged SHA e165c2e5d3406cd7cc8edac3fc4355e6c1f6d9cb with commit message 'chore: Promote bdd-spring-1567511602 to version 0.0.1' into base branch master

waiting for stage [32mfrom-build-pack[0m : container [32mstep-build-helm-build[0m to start...


Showing logs for build [32mmeta-cb-kubecd-environment-pr-5-1[0m stage [32mfrom-build-pack[0m and container [32mstep-build-helm-build[0m
WARNING: No $CHART_REPOSITORY defined so using the default value of: http://jenkins-x-chartmuseum:8080
Adding missing Helm repo: storage.googleapis.com https://storage.googleapis.com/chartmuseum.jenkins-x.io
Successfully added Helm repository storage.googleapis.com.
Adding missing Helm repo: jenkins-x-chartmuseum http://jenkins-x-chartmuseum:8080
Successfully added Helm repository jenkins-x-chartmuseum.
WARNING: No $CHART_REPOSITORY defined so using the default value of: http://jenkins-x-chartmuseum:8080
Adding missing Helm repo: chartmuseum.jenkins-x.io http://chartmuseum.jenkins-x.io
Successfully added Helm repository chartmuseum.jenkins-x.io.
